Watching for file changes with StatReloader
Performing system checks...

System check identified some issues:

WARNINGS:
todos.Todo: (models.W042) Auto-created primary key used when not defining a primary key type, by default 'django.db.models.AutoField'.
	HINT: Configure the DEFAULT_AUTO_FIELD setting or the TodosConfig.default_auto_field attribute to point to a subclass of AutoField, e.g. 'django.db.models.BigAutoField'.

System check identified 1 issue (0 silenced).
October 26, 2023 - 12:33:54
Django version 4.2.6, using settings 'todoApp.settings'
Starting development server at http://0.0.0.0:8004/
Quit the server with CONTROL-C.

[26/Oct/2023 12:34:14] "GET /todos/ HTTP/1.1" 200 3515
[26/Oct/2023 12:34:14] "GET /static/css/style.css HTTP/1.1" 304 0
[26/Oct/2023 12:41:06] "GET / HTTP/1.1" 302 0
[26/Oct/2023 12:41:06] "GET /todos HTTP/1.1" 301 0
[26/Oct/2023 12:41:07] "GET /todos/ HTTP/1.1" 200 3515
[26/Oct/2023 12:50:54] "GET /todos/ HTTP/1.1" 200 3515
[26/Oct/2023 12:50:55] "GET /static/css/style.css HTTP/1.1" 304 0
[26/Oct/2023 12:50:57] "GET /todos/ HTTP/1.1" 200 3515
[26/Oct/2023 12:50:57] "GET /todos/ HTTP/1.1" 200 3515
[26/Oct/2023 12:50:58] "GET /todos/ HTTP/1.1" 200 3515
[26/Oct/2023 12:50:59] "GET /todos/ HTTP/1.1" 200 3515
[26/Oct/2023 12:50:59] "GET /todos/ HTTP/1.1" 200 3515
[26/Oct/2023 12:50:59] "GET /todos/ HTTP/1.1" 200 3515
[26/Oct/2023 12:55:52] "GET / HTTP/1.1" 302 0
[26/Oct/2023 12:55:52] "GET /todos/ HTTP/1.1" 200 3515
[26/Oct/2023 12:55:52] "GET /static/css/style.css HTTP/1.1" 304 0
[26/Oct/2023 12:58:11] "GET /todos/ HTTP/1.1" 200 3515
/home/ubuntu/Development/django-todo/todoApp/settings.py changed, reloading.
Watching for file changes with StatReloader
Performing system checks...

System check identified some issues:

WARNINGS:
todos.Todo: (models.W042) Auto-created primary key used when not defining a primary key type, by default 'django.db.models.AutoField'.
	HINT: Configure the DEFAULT_AUTO_FIELD setting or the TodosConfig.default_auto_field attribute to point to a subclass of AutoField, e.g. 'django.db.models.BigAutoField'.

System check identified 1 issue (0 silenced).
October 26, 2023 - 12:59:42
Django version 4.2.6, using settings 'todoApp.settings'
Starting development server at http://0.0.0.0:8004/
Quit the server with CONTROL-C.

Watching for file changes with StatReloader
Performing system checks...

System check identified some issues:

WARNINGS:
todos.Todo: (models.W042) Auto-created primary key used when not defining a primary key type, by default 'django.db.models.AutoField'.
	HINT: Configure the DEFAULT_AUTO_FIELD setting or the TodosConfig.default_auto_field attribute to point to a subclass of AutoField, e.g. 'django.db.models.BigAutoField'.

System check identified 1 issue (0 silenced).
Error: That port is already in use.
Watching for file changes with StatReloader
Performing system checks...

System check identified some issues:

WARNINGS:
todos.Todo: (models.W042) Auto-created primary key used when not defining a primary key type, by default 'django.db.models.AutoField'.
	HINT: Configure the DEFAULT_AUTO_FIELD setting or the TodosConfig.default_auto_field attribute to point to a subclass of AutoField, e.g. 'django.db.models.BigAutoField'.

System check identified 1 issue (0 silenced).
October 26, 2023 - 16:30:07
Django version 4.2.6, using settings 'todoApp.settings'
Starting development server at http://0.0.0.0:8003/
Quit the server with CONTROL-C.

[26/Oct/2023 16:30:12] "GET /todos/ HTTP/1.1" 200 3515
[26/Oct/2023 16:30:13] "GET /static/css/style.css HTTP/1.1" 304 0
